#
# There is insufficient memory for the Java Runtime Environment to continue.
# Native memory allocation (malloc) failed to allocate 357957632 bytes for committing reserved memory.
# Possible reasons:
#   The system is out of physical RAM or swap space
#   In 32 bit mode, the process size limit was hit
# Possible solutions:
#   Reduce memory load on the system
#   Increase physical memory or swap space
#   Check if swap backing store is full
#   Use 64 bit Java on a 64 bit OS
#   Decrease Java heap size (-Xmx/-Xms)
#   Decrease number of Java threads
#   Decrease Java thread stack sizes (-Xss)
#   Set larger code cache with -XX:ReservedCodeCacheSize=
# This output file may be truncated or incomplete.
#
#  Out of Memory Error (os_linux.cpp:2756), pid=18095, tid=139900120286976
#
# JRE version:  (7.0_80-b15) (build )
# Java VM: Java HotSpot(TM) 64-Bit Server VM (24.80-b11 mixed mode linux-amd64 compressed oops)
# Failed to write core dump. Core dumps have been disabled. To enable core dumping, try "ulimit -c unlimited" before starting Java again
#

---------------  T H R E A D  ---------------

Current thread (0x00007f3d0000a000):  JavaThread "Unknown thread" [_thread_in_vm, id=18139, stack(0x00007f3d08e94000,0x00007f3d08f95000)]

Stack: [0x00007f3d08e94000,0x00007f3d08f95000],  sp=0x00007f3d08f93330,  free space=1020k
Native frames: (J=compiled Java code, j=interpreted, Vv=VM code, C=native code)
V  [libjvm.so+0x9a320a]  VMError::report_and_die()+0x2ea
V  [libjvm.so+0x498d3b]  report_vm_out_of_memory(char const*, int, unsigned long, char const*)+0x9b
V  [libjvm.so+0x82191e]  os::Linux::commit_memory_impl(char*, unsigned long, bool)+0xfe
V  [libjvm.so+0x821e69]  os::pd_commit_memory(char*, unsigned long, unsigned long, bool)+0x29
V  [libjvm.so+0x81bb6a]  os::commit_memory(char*, unsigned long, unsigned long, bool)+0x2a
V  [libjvm.so+0x99ea19]  VirtualSpace::expand_by(unsigned long, bool)+0x1c9
V  [libjvm.so+0x99eb9d]  VirtualSpace::initialize(ReservedSpace, unsigned long)+0xcd
V  [libjvm.so+0x57a5cf]  CardGeneration::CardGeneration(ReservedSpace, unsigned long, int, GenRemSet*)+0x11f
V  [libjvm.so+0x9533d3]  TenuredGeneration::TenuredGeneration(ReservedSpace, unsigned long, int, GenRemSet*)+0x83
V  [libjvm.so+0x57bb5d]  GenerationSpec::init(ReservedSpace, int, GenRemSet*)+0x3bd
V  [libjvm.so+0x56bf84]  GenCollectedHeap::initialize()+0x344
V  [libjvm.so+0x97509a]  Universe::initialize_heap()+0xca
V  [libjvm.so+0x976269]  universe_init()+0x79
V  [libjvm.so+0x5b2f25]  init_globals()+0x65
V  [libjvm.so+0x95db4d]  Threads::create_vm(JavaVMInitArgs*, bool*)+0x1ed
V  [libjvm.so+0x63b2e4]  JNI_CreateJavaVM+0x74
C  [libjli.so+0x2f8e]  JavaMain+0x9e


---------------  P R O C E S S  ---------------

Java Threads: ( => current thread )

Other Threads:

=>0x00007f3d0000a000 (exited) JavaThread "Unknown thread" [_thread_in_vm, id=18139, stack(0x00007f3d08e94000,0x00007f3d08f95000)]

VM state:not at safepoint (not fully initialized)

VM Mutex/Monitor currently owned by a thread: None

GC Heap History (0 events):
No events

Deoptimization events (0 events):
No events

Internal exceptions (0 events):
No events

Events (0 events):
No events


Dynamic libraries:
00400000-00401000 r-xp 00000000 08:01 2237062                            /usr/lib/jvm/java-7-oracle/jre/bin/java
00600000-00601000 rw-p 00000000 08:01 2237062                            /usr/lib/jvm/java-7-oracle/jre/bin/java
01cf8000-01d19000 rw-p 00000000 00:00 0                                  [heap]
d0000000-daaa0000 rw-p 00000000 00:00 0 
f0000000-100000000 rw-p 00000000 00:00 0 
7f3cfd000000-7f3cfd270000 rwxp 00000000 00:00 0 
7f3cfd270000-7f3d00027000 rw-p 00000000 00:00 0 
7f3d00027000-7f3d04000000 ---p 00000000 00:00 0 
7f3d05db2000-7f3d06051000 rw-p 00000000 00:00 0 
7f3d06051000-7f3d0617b000 rw-p 00000000 00:00 0 
7f3d0617b000-7f3d0617c000 rw-p 00000000 00:00 0 
7f3d0617c000-7f3d06193000 r-xp 00000000 08:01 2230379                    /usr/lib/jvm/java-7-oracle/jre/lib/amd64/libzip.so
7f3d06193000-7f3d06393000 ---p 00017000 08:01 2230379                    /usr/lib/jvm/java-7-oracle/jre/lib/amd64/libzip.so
7f3d06393000-7f3d06394000 rw-p 00017000 08:01 2230379                    /usr/lib/jvm/java-7-oracle/jre/lib/amd64/libzip.so
7f3d06394000-7f3d0639f000 r-xp 00000000 08:01 2101669                    /lib/x86_64-linux-gnu/libnss_files-2.19.so
7f3d0639f000-7f3d0659e000 ---p 0000b000 08:01 2101669                    /lib/x86_64-linux-gnu/libnss_files-2.19.so
7f3d0659e000-7f3d0659f000 r--p 0000a000 08:01 2101669                    /lib/x86_64-linux-gnu/libnss_files-2.19.so
7f3d0659f000-7f3d065a0000 rw-p 0000b000 08:01 2101669                    /lib/x86_64-linux-gnu/libnss_files-2.19.so
7f3d065a0000-7f3d065ab000 r-xp 00000000 08:01 2101679                    /lib/x86_64-linux-gnu/libnss_nis-2.19.so
7f3d065ab000-7f3d067aa000 ---p 0000b000 08:01 2101679                    /lib/x86_64-linux-gnu/libnss_nis-2.19.so
7f3d067aa000-7f3d067ab000 r--p 0000a000 08:01 2101679                    /lib/x86_64-linux-gnu/libnss_nis-2.19.so
7f3d067ab000-7f3d067ac000 rw-p 0000b000 08:01 2101679                    /lib/x86_64-linux-gnu/libnss_nis-2.19.so
7f3d067ac000-7f3d067c3000 r-xp 00000000 08:01 2101663                    /lib/x86_64-linux-gnu/libnsl-2.19.so
7f3d067c3000-7f3d069c2000 ---p 00017000 08:01 2101663                    /lib/x86_64-linux-gnu/libnsl-2.19.so
7f3d069c2000-7f3d069c3000 r--p 00016000 08:01 2101663                    /lib/x86_64-linux-gnu/libnsl-2.19.so
7f3d069c3000-7f3d069c4000 rw-p 00017000 08:01 2101663                    /lib/x86_64-linux-gnu/libnsl-2.19.so
7f3d069c4000-7f3d069c6000 rw-p 00000000 00:00 0 
7f3d069c6000-7f3d069cf000 r-xp 00000000 08:01 2101665                    /lib/x86_64-linux-gnu/libnss_compat-2.19.so
7f3d069cf000-7f3d06bce000 ---p 00009000 08:01 2101665                    /lib/x86_64-linux-gnu/libnss_compat-2.19.so
7f3d06bce000-7f3d06bcf000 r--p 00008000 08:01 2101665                    /lib/x86_64-linux-gnu/libnss_compat-2.19.so
7f3d06bcf000-7f3d06bd0000 rw-p 00009000 08:01 2101665                    /lib/x86_64-linux-gnu/libnss_compat-2.19.so
7f3d06bd0000-7f3d06bf9000 r-xp 00000000 08:01 2230329                    /usr/lib/jvm/java-7-oracle/jre/lib/amd64/libjava.so
7f3d06bf9000-7f3d06df9000 ---p 00029000 08:01 2230329                    /usr/lib/jvm/java-7-oracle/jre/lib/amd64/libjava.so
7f3d06df9000-7f3d06dfb000 rw-p 00029000 08:01 2230329                    /usr/lib/jvm/java-7-oracle/jre/lib/amd64/libjava.so
7f3d06dfb000-7f3d06e08000 r-xp 00000000 08:01 2230366                    /usr/lib/jvm/java-7-oracle/jre/lib/amd64/libverify.so
7f3d06e08000-7f3d07007000 ---p 0000d000 08:01 2230366                    /usr/lib/jvm/java-7-oracle/jre/lib/amd64/libverify.so
7f3d07007000-7f3d07009000 rw-p 0000c000 08:01 2230366                    /usr/lib/jvm/java-7-oracle/jre/lib/amd64/libverify.so
7f3d07009000-7f3d07010000 r-xp 00000000 08:01 2101722                    /lib/x86_64-linux-gnu/librt-2.19.so
7f3d07010000-7f3d0720f000 ---p 00007000 08:01 2101722                    /lib/x86_64-linux-gnu/librt-2.19.so
7f3d0720f000-7f3d07210000 r--p 00006000 08:01 2101722                    /lib/x86_64-linux-gnu/librt-2.19.so
7f3d07210000-7f3d07211000 rw-p 00007000 08:01 2101722                    /lib/x86_64-linux-gnu/librt-2.19.so
7f3d07211000-7f3d07316000 r-xp 00000000 08:01 2101644                    /lib/x86_64-linux-gnu/libm-2.19.so
7f3d07316000-7f3d07515000 ---p 00105000 08:01 2101644                    /lib/x86_64-linux-gnu/libm-2.19.so
7f3d07515000-7f3d07516000 r--p 00104000 08:01 2101644                    /lib/x86_64-linux-gnu/libm-2.19.so
7f3d07516000-7f3d07517000 rw-p 00105000 08:01 2101644                    /lib/x86_64-linux-gnu/libm-2.19.so
7f3d07517000-7f3d0808d000 r-xp 00000000 08:01 2230324                    /usr/lib/jvm/java-7-oracle/jre/lib/amd64/server/libjvm.so
7f3d0808d000-7f3d0828c000 ---p 00b76000 08:01 2230324                    /usr/lib/jvm/java-7-oracle/jre/lib/amd64/server/libjvm.so
7f3d0828c000-7f3d08350000 rw-p 00b75000 08:01 2230324                    /usr/lib/jvm/java-7-oracle/jre/lib/amd64/server/libjvm.so
7f3d08350000-7f3d08391000 rw-p 00000000 00:00 0 
7f3d08391000-7f3d0854c000 r-xp 00000000 08:01 2101594                    /lib/x86_64-linux-gnu/libc-2.19.so
7f3d0854c000-7f3d0874b000 ---p 001bb000 08:01 2101594                    /lib/x86_64-linux-gnu/libc-2.19.so
7f3d0874b000-7f3d0874f000 r--p 001ba000 08:01 2101594                    /lib/x86_64-linux-gnu/libc-2.19.so
7f3d0874f000-7f3d08751000 rw-p 001be000 08:01 2101594                    /lib/x86_64-linux-gnu/libc-2.19.so
7f3d08751000-7f3d08756000 rw-p 00000000 00:00 0 
7f3d08756000-7f3d08759000 r-xp 00000000 08:01 2101611                    /lib/x86_64-linux-gnu/libdl-2.19.so
7f3d08759000-7f3d08958000 ---p 00003000 08:01 2101611                    /lib/x86_64-linux-gnu/libdl-2.19.so
7f3d08958000-7f3d08959000 r--p 00002000 08:01 2101611                    /lib/x86_64-linux-gnu/libdl-2.19.so
7f3d08959000-7f3d0895a000 rw-p 00003000 08:01 2101611                    /lib/x86_64-linux-gnu/libdl-2.19.so
7f3d0895a000-7f3d0896f000 r-xp 00000000 08:01 2230335                    /usr/lib/jvm/java-7-oracle/jre/lib/amd64/jli/libjli.so
7f3d0896f000-7f3d08b6e000 ---p 00015000 08:01 2230335                    /usr/lib/jvm/java-7-oracle/jre/lib/amd64/jli/libjli.so
7f3d08b6e000-7f3d08b6f000 rw-p 00014000 08:01 2230335                    /usr/lib/jvm/java-7-oracle/jre/lib/amd64/jli/libjli.so
7f3d08b6f000-7f3d08b88000 r-xp 00000000 08:01 2101714                    /lib/x86_64-linux-gnu/libpthread-2.19.so
7f3d08b88000-7f3d08d87000 ---p 00019000 08:01 2101714                    /lib/x86_64-linux-gnu/libpthread-2.19.so
7f3d08d87000-7f3d08d88000 r--p 00018000 08:01 2101714                    /lib/x86_64-linux-gnu/libpthread-2.19.so
7f3d08d88000-7f3d08d89000 rw-p 00019000 08:01 2101714                    /lib/x86_64-linux-gnu/libpthread-2.19.so
7f3d08d89000-7f3d08d8d000 rw-p 00000000 00:00 0 
7f3d08d8d000-7f3d08db0000 r-xp 00000000 08:01 2101570                    /lib/x86_64-linux-gnu/ld-2.19.so
7f3d08dd4000-7f3d08dde000 rw-p 00000000 00:00 0 
7f3d08dde000-7f3d08e94000 rw-p 00000000 00:00 0 
7f3d08e94000-7f3d08e97000 ---p 00000000 00:00 0 
7f3d08e97000-7f3d08f99000 rw-p 00000000 00:00 0                          [stack:18139]
7f3d08fa1000-7f3d08fa3000 rw-p 00000000 00:00 0 
7f3d08fa3000-7f3d08fab000 rw-s 00000000 08:01 922630                     /tmp/hsperfdata_cochung/18095
7f3d08fab000-7f3d08fac000 rw-p 00000000 00:00 0 
7f3d08fac000-7f3d08fad000 r--p 00000000 00:00 0 
7f3d08fad000-7f3d08faf000 rw-p 00000000 00:00 0 
7f3d08faf000-7f3d08fb0000 r--p 00022000 08:01 2101570                    /lib/x86_64-linux-gnu/ld-2.19.so
7f3d08fb0000-7f3d08fb1000 rw-p 00023000 08:01 2101570                    /lib/x86_64-linux-gnu/ld-2.19.so
7f3d08fb1000-7f3d08fb2000 rw-p 00000000 00:00 0 
7ffe282c1000-7ffe282e3000 rw-p 00000000 00:00 0                          [stack]
7ffe283ef000-7ffe283f1000 r--p 00000000 00:00 0                          [vvar]
7ffe283f1000-7ffe283f3000 r-xp 00000000 00:00 0                          [vdso]
ffffffffff600000-ffffffffff601000 r-xp 00000000 00:00 0                  [vsyscall]

VM Arguments:
jvm_args: -Xms512m -Xmx512m -XX:MaxPermSize=256m 
java_command: org.apache.spark.deploy.SparkSubmit --class sparkgis.SparkGISMain /home/cochung/spark-gis/cheuk/spark-gis-prod/target/uber-spark-gis-1.0.jar --algos yi-algorithm-v1,yi-algorithm-v11 --caseids TCGA-02-0001-01Z-00-DX1 --metric jaccard --result_exe_id cheuk_testabc --upload yes --uid 5058cea0-4ec5-11e6-a8a2-6ba7cbb3e238
Launcher Type: SUN_STANDARD

Environment Variables:
PATH=/usr/local/sbin:/usr/local/bin:/usr/sbin:/usr/bin:/sbin:/bin:/usr/games:/usr/local/games
LD_LIBRARY_PATH=/home/cochung/spark-gis/src/lib
SHELL=/bin/bash
DISPLAY=:0

Signal Handlers:
SIGSEGV: [libjvm.so+0x9a3b20], sa_mask[0]=0x7ffbfeff, sa_flags=0x10000004
SIGBUS: [libjvm.so+0x9a3b20], sa_mask[0]=0x7ffbfeff, sa_flags=0x10000004
SIGFPE: [libjvm.so+0x81e740], sa_mask[0]=0x7ffbfeff, sa_flags=0x10000004
SIGPIPE: [libjvm.so+0x81e740], sa_mask[0]=0x7ffbfeff, sa_flags=0x10000004
SIGXFSZ: [libjvm.so+0x81e740], sa_mask[0]=0x7ffbfeff, sa_flags=0x10000004
SIGILL: [libjvm.so+0x81e740], sa_mask[0]=0x7ffbfeff, sa_flags=0x10000004
SIGUSR1: SIG_DFL, sa_mask[0]=0x00000000, sa_flags=0x00000000
SIGUSR2: [libjvm.so+0x81ffb0], sa_mask[0]=0x00000000, sa_flags=0x10000004
SIGHUP: SIG_DFL, sa_mask[0]=0x00000000, sa_flags=0x00000000
SIGINT: SIG_DFL, sa_mask[0]=0x00000000, sa_flags=0x00000000
SIGTERM: SIG_DFL, sa_mask[0]=0x00000000, sa_flags=0x00000000
SIGQUIT: SIG_DFL, sa_mask[0]=0x00000000, sa_flags=0x00000000


---------------  S Y S T E M  ---------------

OS:jessie/sid

uname:Linux 3.19.0-25-generic #26~14.04.1-Ubuntu SMP Fri Jul 24 21:16:20 UTC 2015 x86_64
libc:glibc 2.19 NPTL 2.19 
rlimit: STACK 8192k, CORE 0k, NPROC 15661, NOFILE 4096, AS infinity
load average:0.87 0.47 0.36

/proc/meminfo:
MemTotal:        4030640 kB
MemFree:          114160 kB
MemAvailable:      90948 kB
Buffers:            3900 kB
Cached:           164136 kB
SwapCached:        93320 kB
Active:          2483048 kB
Inactive:         939240 kB
Active(anon):    2422492 kB
Inactive(anon):   909836 kB
Active(file):      60556 kB
Inactive(file):    29404 kB
Unevictable:          32 kB
Mlocked:              32 kB
SwapTotal:       1045500 kB
SwapFree:            484 kB
Dirty:              1252 kB
Writeback:             0 kB
AnonPages:       3162012 kB
Mapped:           128668 kB
Shmem:             78012 kB
Slab:              84184 kB
SReclaimable:      32548 kB
SUnreclaim:        51636 kB
KernelStack:       12480 kB
PageTables:        55764 kB
NFS_Unstable:          0 kB
Bounce:                0 kB
WritebackTmp:          0 kB
CommitLimit:     3060820 kB
Committed_AS:   10336908 kB
VmallocTotal:   34359738367 kB
VmallocUsed:      180544 kB
VmallocChunk:   34359548608 kB
HardwareCorrupted:     0 kB
AnonHugePages:   1527808 kB
CmaTotal:              0 kB
CmaFree:               0 kB
HugePages_Total:       0
HugePages_Free:        0
HugePages_Rsvd:        0
HugePages_Surp:        0
Hugepagesize:       2048 kB
DirectMap4k:      192320 kB
DirectMap2M:     4001792 kB
DirectMap1G:     2097152 kB


CPU:total 1 (1 cores per cpu, 1 threads per core) family 6 model 60 stepping 3, cmov, cx8, fxsr, mmx, sse, sse2, sse3, ssse3, sse4.1, sse4.2, popcnt, avx, avx2, aes, erms, tsc, tscinvbit

/proc/cpuinfo:
processor	: 0
vendor_id	: GenuineIntel
cpu family	: 6
model		: 60
model name	: Intel(R) Core(TM) i7-4720HQ CPU @ 2.60GHz
stepping	: 3
microcode	: 0x1e
cpu MHz		: 2601.000
cache size	: 6144 KB
physical id	: 0
siblings	: 1
core id		: 0
cpu cores	: 1
apicid		: 0
initial apicid	: 0
fpu		: yes
fpu_exception	: yes
cpuid level	: 13
wp		: yes
flags		: fpu vme de pse tsc msr pae mce cx8 apic sep mtrr pge mca cmov pat pse36 clflush dts mmx fxsr sse sse2 ss syscall nx pdpe1gb rdtscp lm constant_tsc arch_perfmon pebs bts nopl xtopology tsc_reliable nonstop_tsc aperfmperf eagerfpu pni pclmulqdq ssse3 fma cx16 pcid sse4_1 sse4_2 x2apic movbe popcnt tsc_deadline_timer aes xsave avx f16c rdrand hypervisor lahf_lm abm ida arat epb pln pts dtherm fsgsbase tsc_adjust bmi1 avx2 smep bmi2 invpcid xsaveopt
bugs		:
bogomips	: 5202.00
clflush size	: 64
cache_alignment	: 64
address sizes	: 42 bits physical, 48 bits virtual
power management:



Memory: 4k page, physical 4030640k(114160k free), swap 1045500k(484k free)

vm_info: Java HotSpot(TM) 64-Bit Server VM (24.80-b11) for linux-amd64 JRE (1.7.0_80-b15), built on Apr 10 2015 19:53:14 by "java_re" with gcc 4.3.0 20080428 (Red Hat 4.3.0-8)

time: Wed Jul 20 15:00:05 2016
elapsed time: 0 seconds

